0 info it worked if it ends with ok
1 verbose cli [ '/Users/mayu.uchida/.nvm/versions/node/v6.10.2/bin/node',
1 verbose cli   '/Users/mayu.uchida/.nvm/versions/node/v6.10.2/bin/npm',
1 verbose cli   'start' ]
2 info using npm@3.10.10
3 info using node@v6.10.2
4 verbose run-script [ 'prestart', 'start', 'poststart' ]
5 info lifecycle practice@1.0.0~prestart: practice@1.0.0
6 silly lifecycle practice@1.0.0~prestart: no script for prestart, continuing
7 info lifecycle practice@1.0.0~start: practice@1.0.0
8 verbose lifecycle practice@1.0.0~start: unsafe-perm in lifecycle true
9 verbose lifecycle practice@1.0.0~start: PATH: /Users/mayu.uchida/.nvm/versions/node/v6.10.2/lib/node_modules/npm/bin/node-gyp-bin:/Users/mayu.uchida/github/practice/node_modules/.bin:/Users/mayu.uchida/google-cloud-sdk/bin:/Users/mayu.uchida/.nvm/versions/node/v6.10.2/bin:/Users/mayu.uchida/.rbenv/shims:/usr/local/bin:/usr/bin:/bin:/usr/sbin:/sbin:/Users/mayu.uchida/google-cloud-sdk/bin:/Users/mayu.uchida/.rbenv/shims:./node_modules/.bin
10 verbose lifecycle practice@1.0.0~start: CWD: /Users/mayu.uchida/github/practice
11 silly lifecycle practice@1.0.0~start: Args: [ '-c', 'webpack-dev-sarver' ]
12 info lifecycle practice@1.0.0~start: Failed to exec start script
13 verbose stack Error: practice@1.0.0 start: `webpack-dev-sarver`
13 verbose stack spawn ENOENT
13 verbose stack     at ChildProcess.<anonymous> (/Users/mayu.uchida/.nvm/versions/node/v6.10.2/lib/node_modules/npm/lib/utils/spawn.js:33:16)
13 verbose stack     at emitTwo (events.js:106:13)
13 verbose stack     at ChildProcess.emit (events.js:191:7)
13 verbose stack     at maybeClose (internal/child_process.js:886:16)
13 verbose stack     at Process.ChildProcess._handle.onexit (internal/child_process.js:226:5)
14 verbose pkgid practice@1.0.0
15 verbose cwd /Users/mayu.uchida/github/practice
16 error Darwin 17.2.0
17 error argv "/Users/mayu.uchida/.nvm/versions/node/v6.10.2/bin/node" "/Users/mayu.uchida/.nvm/versions/node/v6.10.2/bin/npm" "start"
18 error node v6.10.2
19 error npm  v3.10.10
20 error file sh
21 error code ELIFECYCLE
22 error errno ENOENT
23 error syscall spawn
24 error practice@1.0.0 start: `webpack-dev-sarver`
24 error spawn ENOENT
25 error Failed at the practice@1.0.0 start script 'webpack-dev-sarver'.
25 error Make sure you have the latest version of node.js and npm installed.
25 error If you do, this is most likely a problem with the practice package,
25 error not with npm itself.
25 error Tell the author that this fails on your system:
25 error     webpack-dev-sarver
25 error You can get information on how to open an issue for this project with:
25 error     npm bugs practice
25 error Or if that isn't available, you can get their info via:
25 error     npm owner ls practice
25 error There is likely additional logging output above.
26 verbose exit [ 1, true ]
